<?xml version="1.0" encoding="UTF-8"?>
<testsuite name="ru.stqa.pft.addressbook.tests.GroupTests.GroupCreationTest" tests="4" skipped="0" failures="0" errors="0" timestamp="2019-08-03T20:56:27" hostname="LAPTOP-HUB00P3L" time="30.054">
  <properties/>
  <testcase name="testGroupCreation[0](GroupData{name='Test 0', id=2147483647})" classname="ru.stqa.pft.addressbook.tests.GroupTests.GroupCreationTest" time="9.884"/>
  <testcase name="testGroupCreation[1](GroupData{name='Test 1', id=2147483647})" classname="ru.stqa.pft.addressbook.tests.GroupTests.GroupCreationTest" time="6.296"/>
  <testcase name="testGroupCreation[2](GroupData{name='Test 2', id=2147483647})" classname="ru.stqa.pft.addressbook.tests.GroupTests.GroupCreationTest" time="6.781"/>
  <testcase name="testGroupCreation[3](GroupData{name='Test 3', id=2147483647})" classname="ru.stqa.pft.addressbook.tests.GroupTests.GroupCreationTest" time="7.09"/>
  <system-out><![CDATA[]]></system-out>
  <system-err><![CDATA[]]></system-err>
</testsuite>
