<?xml version="1.0" encoding="UTF-8"?>
<testsuite name="ru.stqa.pft.addressbook.tests.GroupTests.GroupModificationTest" tests="1" skipped="0" failures="0" errors="0" timestamp="2019-08-03T20:56:57" hostname="LAPTOP-HUB00P3L" time="6.769">
  <properties/>
  <testcase name="testGroupModification" classname="ru.stqa.pft.addressbook.tests.GroupTests.GroupModificationTest" time="6.769"/>
  <system-out><![CDATA[]]></system-out>
  <system-err><![CDATA[]]></system-err>
</testsuite>
